# JRE version: OpenJDK Runtime Environment (8.0_242-b01) (build 1.8.0_242-release-1644-b01)
# Java VM: OpenJDK 64-Bit Server VM (25.242-b01 mixed mode windows-amd64 compressed oops)
Heap:
 PSYoungGen      total 471552K, used 326805K [0x00000000e0000000, 0x00000000ffd00000, 0x0000000100000000)
  eden space 422400K, 75% used [0x00000000e0000000,0x00000000f35c6cf8,0x00000000f9c80000)
  from space 49152K, 19% used [0x00000000f9c80000,0x00000000fa5de898,0x00000000fcc80000)
  to   space 47616K, 0% used [0x00000000fce80000,0x00000000fce80000,0x00000000ffd00000)
 ParOldGen       total 445952K, used 117599K [0x00000000a0000000, 0x00000000bb380000, 0x00000000e0000000)
  object space 445952K, 26% used [0x00000000a0000000,0x00000000a72d7eb0,0x00000000bb380000)
 Metaspace       used 75179K, capacity 78968K, committed 78976K, reserved 1118208K
  class space    used 10152K, capacity 10872K, committed 10880K, reserved 1048576K
GC Heap History (10 events):
Event: 69.826 GC heap before
{Heap before GC invocations=16 (full 3):
 PSYoungGen      total 473600K, used 448620K [0x00000000e0000000, 0x00000000fff80000, 0x0000000100000000)
  eden space 421888K, 100% used [0x00000000e0000000,0x00000000f9c00000,0x00000000f9c00000)
  from space 51712K, 51% used [0x00000000fcd00000,0x00000000fe71b1b8,0x00000000fff80000)
  to   space 50176K, 0% used [0x00000000f9c00000,0x00000000f9c00000,0x00000000fcd00000)
 ParOldGen       total 445952K, used 79655K [0x00000000a0000000, 0x00000000bb380000, 0x00000000e0000000)
  object space 445952K, 17% used [0x00000000a0000000,0x00000000a4dc9fb8,0x00000000bb380000)
 Metaspace       used 74988K, capacity 78732K, committed 78976K, reserved 1118208K
  class space    used 10149K, capacity 10872K, committed 10880K, reserved 1048576K
Event: 69.864 GC heap after
Heap after GC invocations=16 (full 3):
 PSYoungGen      total 472064K, used 5552K [0x00000000e0000000, 0x0000000100000000, 0x0000000100000000)
  eden space 421888K, 0% used [0x00000000e0000000,0x00000000e0000000,0x00000000f9c00000)
  from space 50176K, 11% used [0x00000000f9c00000,0x00000000fa16c020,0x00000000fcd00000)
  to   space 51200K, 0% used [0x00000000fce00000,0x00000000fce00000,0x0000000100000000)
 ParOldGen       total 445952K, used 99761K [0x00000000a0000000, 0x00000000bb380000, 0x00000000e0000000)
  object space 445952K, 22% used [0x00000000a0000000,0x00000000a616c778,0x00000000bb380000)
 Metaspace       used 74988K, capacity 78732K, committed 78976K, reserved 1118208K
  class space    used 10149K, capacity 10872K, committed 10880K, reserved 1048576K
}
Event: 73.618 GC heap before
{Heap before GC invocations=17 (full 3):
 PSYoungGen      total 472064K, used 427440K [0x00000000e0000000, 0x0000000100000000, 0x0000000100000000)
  eden space 421888K, 100% used [0x00000000e0000000,0x00000000f9c00000,0x00000000f9c00000)
  from space 50176K, 11% used [0x00000000f9c00000,0x00000000fa16c020,0x00000000fcd00000)
  to   space 51200K, 0% used [0x00000000fce00000,0x00000000fce00000,0x0000000100000000)
 ParOldGen       total 445952K, used 99761K [0x00000000a0000000, 0x00000000bb380000, 0x00000000e0000000)
  object space 445952K, 22% used [0x00000000a0000000,0x00000000a616c778,0x00000000bb380000)
 Metaspace       used 75034K, capacity 78808K, committed 78976K, reserved 1118208K
  class space    used 10149K, capacity 10872K, committed 10880K, reserved 1048576K
Event: 73.640 GC heap after
Heap after GC invocations=17 (full 3):
 PSYoungGen      total 473600K, used 8192K [0x00000000e0000000, 0x0000000100000000, 0x0000000100000000)
  eden space 422400K, 0% used [0x00000000e0000000,0x00000000e0000000,0x00000000f9c80000)
  from space 51200K, 16% used [0x00000000fce00000,0x00000000fd600010,0x0000000100000000)
  to   space 50688K, 0% used [0x00000000f9c80000,0x00000000f9c80000,0x00000000fce00000)
 ParOldGen       total 445952K, used 102849K [0x00000000a0000000, 0x00000000bb380000, 0x00000000e0000000)
  object space 445952K, 23% used [0x00000000a0000000,0x00000000a6470798,0x00000000bb380000)
 Metaspace       used 75034K, capacity 78808K, committed 78976K, reserved 1118208K
  class space    used 10149K, capacity 10872K, committed 10880K, reserved 1048576K
}
Event: 76.627 GC heap before
{Heap before GC invocations=18 (full 3):
 PSYoungGen      total 473600K, used 430592K [0x00000000e0000000, 0x0000000100000000, 0x0000000100000000)
  eden space 422400K, 100% used [0x00000000e0000000,0x00000000f9c80000,0x00000000f9c80000)
  from space 51200K, 16% used [0x00000000fce00000,0x00000000fd600010,0x0000000100000000)
  to   space 50688K, 0% used [0x00000000f9c80000,0x00000000f9c80000,0x00000000fce00000)
 ParOldGen       total 445952K, used 102849K [0x00000000a0000000, 0x00000000bb380000, 0x00000000e0000000)
  object space 445952K, 23% used [0x00000000a0000000,0x00000000a6470798,0x00000000bb380000)
 Metaspace       used 75079K, capacity 78888K, committed 78976K, reserved 1118208K
  class space    used 10150K, capacity 10872K, committed 10880K, reserved 1048576K
Event: 76.751 GC heap after
Heap after GC invocations=18 (full 3):
 PSYoungGen      total 437248K, used 14743K [0x00000000e0000000, 0x00000000ffc80000, 0x0000000100000000)
  eden space 422400K, 0% used [0x00000000e0000000,0x00000000e0000000,0x00000000f9c80000)
  from space 14848K, 99% used [0x00000000f9c80000,0x00000000faae5fc0,0x00000000fab00000)
  to   space 49152K, 0% used [0x00000000fcc80000,0x00000000fcc80000,0x00000000ffc80000)
 ParOldGen       total 445952K, used 107572K [0x00000000a0000000, 0x00000000bb380000, 0x00000000e0000000)
  object space 445952K, 24% used [0x00000000a0000000,0x00000000a690d188,0x00000000bb380000)
 Metaspace       used 75079K, capacity 78888K, committed 78976K, reserved 1118208K
  class space    used 10150K, capacity 10872K, committed 10880K, reserved 1048576K
}
Event: 79.516 GC heap before
{Heap before GC invocations=19 (full 3):
 PSYoungGen      total 437248K, used 437143K [0x00000000e0000000, 0x00000000ffc80000, 0x0000000100000000)
  eden space 422400K, 100% used [0x00000000e0000000,0x00000000f9c80000,0x00000000f9c80000)
  from space 14848K, 99% used [0x00000000f9c80000,0x00000000faae5fc0,0x00000000fab00000)
  to   space 49152K, 0% used [0x00000000fcc80000,0x00000000fcc80000,0x00000000ffc80000)
 ParOldGen       total 445952K, used 107572K [0x00000000a0000000, 0x00000000bb380000, 0x00000000e0000000)
  object space 445952K, 24% used [0x00000000a0000000,0x00000000a690d188,0x00000000bb380000)
 Metaspace       used 75136K, capacity 78904K, committed 78976K, reserved 1118208K
  class space    used 10152K, capacity 10872K, committed 10880K, reserved 1048576K
Event: 79.548 GC heap after
Heap after GC invocations=19 (full 3):
 PSYoungGen      total 471552K, used 5004K [0x00000000e0000000, 0x0000000100000000, 0x0000000100000000)
  eden space 422400K, 0% used [0x00000000e0000000,0x00000000e0000000,0x00000000f9c80000)
  from space 49152K, 10% used [0x00000000fcc80000,0x00000000fd1633f0,0x00000000ffc80000)
  to   space 49152K, 0% used [0x00000000f9c80000,0x00000000f9c80000,0x00000000fcc80000)
 ParOldGen       total 445952K, used 116670K [0x00000000a0000000, 0x00000000bb380000, 0x00000000e0000000)
  object space 445952K, 26% used [0x00000000a0000000,0x00000000a71ef850,0x00000000bb380000)
 Metaspace       used 75136K, capacity 78904K, committed 78976K, reserved 1118208K
  class space    used 10152K, capacity 10872K, committed 10880K, reserved 1048576K
}
Event: 81.613 GC heap before
{Heap before GC invocations=20 (full 3):
 PSYoungGen      total 471552K, used 427404K [0x00000000e0000000, 0x0000000100000000, 0x0000000100000000)
  eden space 422400K, 100% used [0x00000000e0000000,0x00000000f9c80000,0x00000000f9c80000)
  from space 49152K, 10% used [0x00000000fcc80000,0x00000000fd1633f0,0x00000000ffc80000)
  to   space 49152K, 0% used [0x00000000f9c80000,0x00000000f9c80000,0x00000000fcc80000)
 ParOldGen       total 445952K, used 116670K [0x00000000a0000000, 0x00000000bb380000, 0x00000000e0000000)
  object space 445952K, 26% used [0x00000000a0000000,0x00000000a71ef850,0x00000000bb380000)
 Metaspace       used 75160K, capacity 78968K, committed 78976K, reserved 1118208K
  class space    used 10152K, capacity 10872K, committed 10880K, reserved 1048576K
Event: 81.638 GC heap after
Heap after GC invocations=20 (full 3):
 PSYoungGen      total 471552K, used 9594K [0x00000000e0000000, 0x00000000ffd00000, 0x0000000100000000)
  eden space 422400K, 0% used [0x00000000e0000000,0x00000000e0000000,0x00000000f9c80000)
  from space 49152K, 19% used [0x00000000f9c80000,0x00000000fa5de898,0x00000000fcc80000)
  to   space 47616K, 0% used [0x00000000fce80000,0x00000000fce80000,0x00000000ffd00000)
 ParOldGen       total 445952K, used 117599K [0x00000000a0000000, 0x00000000bb380000, 0x00000000e0000000)
  object space 445952K, 26% used [0x00000000a0000000,0x00000000a72d7eb0,0x00000000bb380000)
 Metaspace       used 75160K, capacity 78968K, committed 78976K, reserved 1118208K
  class space    used 10152K, capacity 10872K, committed 10880K, reserved 1048576K
}

